0 info it worked if it ends with ok
1 verbose cli [ 'C:\\Program Files (x86)\\nodejs\\\\node.exe',
1 verbose cli   'C:\\Program Files (x86)\\nodejs\\node_modules\\npm\\bin\\npm-cli.js',
1 verbose cli   'install',
1 verbose cli   'connect-fash' ]
2 info using npm@1.4.28
3 info using node@v0.10.33
4 verbose node symlink C:\Program Files (x86)\nodejs\\node.exe
5 warn package.json session@0.1.0 bugs['web'] should probably be bugs['url'].
6 verbose readDependencies using package.json deps
7 verbose cache add [ 'connect-fash', null ]
8 verbose cache add name=undefined spec="connect-fash" args=["connect-fash",null]
9 verbose parsed url { protocol: null,
9 verbose parsed url   slashes: null,
9 verbose parsed url   auth: null,
9 verbose parsed url   host: null,
9 verbose parsed url   port: null,
9 verbose parsed url   hostname: null,
9 verbose parsed url   hash: null,
9 verbose parsed url   search: null,
9 verbose parsed url   query: null,
9 verbose parsed url   pathname: 'connect-fash',
9 verbose parsed url   path: 'connect-fash',
9 verbose parsed url   href: 'connect-fash' }
10 silly lockFile 46b813be-connect-fash connect-fash
11 verbose lock connect-fash C:\Users\ESSEL\AppData\Roaming\npm-cache\46b813be-connect-fash.lock
12 silly lockFile 46b813be-connect-fash connect-fash
13 silly lockFile 46b813be-connect-fash connect-fash
14 verbose addNamed [ 'connect-fash', '' ]
15 verbose addNamed [ null, '*' ]
16 silly lockFile 1c25854e-connect-fash connect-fash@
17 verbose lock connect-fash@ C:\Users\ESSEL\AppData\Roaming\npm-cache\1c25854e-connect-fash.lock
18 silly addNameRange { name: 'connect-fash', range: '*', hasData: false }
19 verbose request where is /connect-fash
20 verbose request registry https://registry.npmjs.org/
21 verbose request id 86ceab97a1a2c148
22 verbose url raw /connect-fash
23 verbose url resolving [ 'https://registry.npmjs.org/', './connect-fash' ]
24 verbose url resolved https://registry.npmjs.org/connect-fash
25 verbose request where is https://registry.npmjs.org/connect-fash
26 info trying registry request attempt 1 at 14:56:59
27 http GET https://registry.npmjs.org/connect-fash
28 http 404 https://registry.npmjs.org/connect-fash
29 verbose headers { date: 'Wed, 03 Dec 2014 13:57:18 GMT',
29 verbose headers   server: 'CouchDB/1.5.0 (Erlang OTP/R16B03)',
29 verbose headers   'content-type': 'application/json',
29 verbose headers   'cache-control': 'max-age=0',
29 verbose headers   'content-length': '52',
29 verbose headers   'accept-ranges': 'bytes',
29 verbose headers   via: '1.1 varnish',
29 verbose headers   age: '0',
29 verbose headers   'x-served-by': 'cache-fra1244-FRA',
29 verbose headers   'x-cache': 'MISS',
29 verbose headers   'x-cache-hits': '0',
29 verbose headers   'x-timer': 'S1417615038.808849,VS0,VE102',
29 verbose headers   'keep-alive': 'timeout=10, max=50',
29 verbose headers   connection: 'Keep-Alive' }
30 silly registry.get cb [ 404,
30 silly registry.get   { date: 'Wed, 03 Dec 2014 13:57:18 GMT',
30 silly registry.get     server: 'CouchDB/1.5.0 (Erlang OTP/R16B03)',
30 silly registry.get     'content-type': 'application/json',
30 silly registry.get     'cache-control': 'max-age=0',
30 silly registry.get     'content-length': '52',
30 silly registry.get     'accept-ranges': 'bytes',
30 silly registry.get     via: '1.1 varnish',
30 silly registry.get     age: '0',
30 silly registry.get     'x-served-by': 'cache-fra1244-FRA',
30 silly registry.get     'x-cache': 'MISS',
30 silly registry.get     'x-cache-hits': '0',
30 silly registry.get     'x-timer': 'S1417615038.808849,VS0,VE102',
30 silly registry.get     'keep-alive': 'timeout=10, max=50',
30 silly registry.get     connection: 'Keep-Alive' } ]
31 silly lockFile 1c25854e-connect-fash connect-fash@
32 silly lockFile 1c25854e-connect-fash connect-fash@
33 error 404 404 Not Found: connect-fash
33 error 404
33 error 404 'connect-fash' is not in the npm registry.
33 error 404 You should bug the author to publish it
33 error 404 It was specified as a dependency of 'BCommerce'
33 error 404
33 error 404 Note that you can also install from a
33 error 404 tarball, folder, or http url, or git url.
34 error System Windows_NT 6.1.7601
35 error command "C:\\Program Files (x86)\\nodejs\\\\node.exe" "C:\\Program Files (x86)\\nodejs\\node_modules\\npm\\bin\\npm-cli.js" "install" "connect-fash"
36 error cwd C:\Users\ESSEL\.WebStorm9\BCommerce
37 error node -v v0.10.33
38 error npm -v 1.4.28
39 error code E404
40 verbose exit [ 1, true ]
